<?xml version="1.0" encoding="UTF-8"?>
<!-- Generated by org.testng.reporters.JUnitReportReporter -->
<testsuite hostname="LAPTOP-HP3GFEN9" failures="0" tests="1" name="Dropdown.DropdownTest" time="5.341" errors="0" timestamp="2023-12-14T11:21:21 IST" skipped="0">
  <testcase classname="Dropdown.DropdownTest" name="Selectdropdown" time="5.341"/>
  <system-out/>
</testsuite> <!-- Dropdown.DropdownTest -->
